2012-05-26 12:58:35,058 INFO Init Funcion Concluded
2012-05-26 12:58:35,335 INFO Got Response from server utcnist2.colorado.edu
2012-05-26 12:58:35,336 INFO Logged: [off, 46.3859374523, time, 1338047915.2]
2012-05-26 13:15:39,686 INFO Got Response from server utcnist2.colorado.edu
2012-05-26 13:15:39,686 INFO Logged: [off, 46.8896808624, time, 1338048939.55]
2012-05-26 13:32:44,037 INFO Got Response from server utcnist2.colorado.edu
2012-05-26 13:32:44,038 INFO Logged: [off, 47.3930635452, time, 1338049963.9]
2012-05-26 13:49:48,538 INFO Got Response from server utcnist2.colorado.edu
2012-05-26 13:49:48,538 INFO Logged: [off, 47.8978495598, time, 1338050988.4]
2012-05-26 14:06:53,921 INFO Got Response from server utcnist2.colorado.edu
2012-05-26 14:06:53,921 INFO Logged: [off, 48.2655675411, time, 1338052013.51]
2012-05-26 14:23:58,336 INFO Got Response from server utcnist2.colorado.edu
2012-05-26 14:23:58,336 INFO Logged: [off, 48.9044716358, time, 1338053038.2]
2012-05-26 14:41:02,700 INFO Got Response from server utcnist2.colorado.edu
2012-05-26 14:41:02,700 INFO Logged: [off, 49.4060668945, time, 1338054062.57]
2012-05-26 14:58:07,219 INFO Got Response from server utcnist2.colorado.edu
2012-05-26 14:58:07,219 INFO Logged: [off, 49.9095115662, time, 1338055087.09]
2012-05-26 15:15:11,589 INFO Got Response from server utcnist2.colorado.edu
2012-05-26 15:15:11,589 INFO Logged: [off, 50.4132566452, time, 1338056111.46]
2012-05-26 15:32:15,938 INFO Got Response from server utcnist2.colorado.edu
2012-05-26 15:32:15,938 INFO Logged: [off, 50.9167006016, time, 1338057135.81]
2012-05-26 15:49:22,436 INFO Got Response from server utcnist2.colorado.edu
2012-05-26 15:49:22,436 INFO Logged: [off, 51.4226858616, time, 1338058162.3]
2012-05-26 16:06:27,230 INFO Got Response from server utcnist2.colorado.edu
2012-05-26 16:06:27,231 INFO Logged: [off, 51.925178051, time, 1338059187.1]
2012-05-26 16:23:31,676 INFO Got Response from server utcnist2.colorado.edu
2012-05-26 16:23:31,676 INFO Logged: [off, 52.4276185036, time, 1338060211.54]
2012-05-26 16:40:36,067 INFO Got Response from server utcnist2.colorado.edu
2012-05-26 16:40:36,067 INFO Logged: [off, 52.9310827255, time, 1338061235.93]
2012-05-26 16:57:40,362 INFO Got Response from server utcnist2.colorado.edu
2012-05-26 16:57:40,362 INFO Logged: [off, 53.4347310066, time, 1338062260.23]
2012-05-26 17:14:44,932 INFO Got Response from server utcnist2.colorado.edu
2012-05-26 17:14:44,933 INFO Logged: [off, 53.937286377, time, 1338063284.8]
2012-05-26 17:31:49,433 INFO Got Response from server utcnist2.colorado.edu
2012-05-26 17:31:49,433 INFO Logged: [off, 54.4414827824, time, 1338064309.3]
2012-05-26 17:48:53,792 INFO Got Response from server utcnist2.colorado.edu
2012-05-26 17:48:53,793 INFO Logged: [off, 54.9433689117, time, 1338065333.66]
2012-05-26 18:05:58,131 INFO Got Response from server utcnist2.colorado.edu
2012-05-26 18:05:58,131 INFO Logged: [off, 55.4473171234, time, 1338066358.0]
2012-05-26 18:23:02,737 INFO Got Response from server utcnist2.colorado.edu
2012-05-26 18:23:02,737 INFO Logged: [off, 55.9496791363, time, 1338067382.61]
2012-05-26 18:40:07,112 INFO Got Response from server utcnist2.colorado.edu
2012-05-26 18:40:07,112 INFO Logged: [off, 56.45363307, time, 1338068406.98]
2012-05-26 18:57:11,420 INFO Got Response from server utcnist2.colorado.edu
2012-05-26 18:57:11,420 INFO Logged: [off, 56.9567990303, time, 1338069431.29]
2012-05-26 19:14:15,827 INFO Got Response from server utcnist2.colorado.edu
2012-05-26 19:14:15,827 INFO Logged: [off, 57.4599564075, time, 1338070455.69]
2012-05-26 19:31:20,498 INFO Got Response from server utcnist2.colorado.edu
2012-05-26 19:31:20,499 INFO Logged: [off, 57.9631757736, time, 1338071480.37]
2012-05-26 19:48:24,855 INFO Got Response from server utcnist2.colorado.edu
2012-05-26 19:48:24,856 INFO Logged: [off, 58.4672210217, time, 1338072504.72]
2012-05-26 20:05:29,233 INFO Got Response from server utcnist2.colorado.edu
2012-05-26 20:05:29,233 INFO Logged: [off, 58.9702363014, time, 1338073529.1]
2012-05-26 20:22:33,679 INFO Got Response from server utcnist2.colorado.edu
2012-05-26 20:22:33,680 INFO Logged: [off, 59.4730284214, time, 1338074553.55]
2012-05-26 20:39:38,227 INFO Got Response from server utcnist2.colorado.edu
2012-05-26 20:39:38,228 INFO Logged: [off, 59.9767677784, time, 1338075578.1]
2012-05-26 20:56:42,513 INFO Got Response from server utcnist2.colorado.edu
2012-05-26 20:56:42,513 INFO Logged: [off, 60.4799904823, time, 1338076602.38]
2012-05-26 21:13:46,863 INFO Got Response from server utcnist2.colorado.edu
2012-05-26 21:13:46,863 INFO Logged: [off, 60.9830441475, time, 1338077626.73]
2012-05-26 21:30:51,232 INFO Got Response from server utcnist2.colorado.edu
2012-05-26 21:30:51,232 INFO Logged: [off, 61.4863805771, time, 1338078651.1]
2012-05-26 21:47:55,858 INFO Got Response from server utcnist2.colorado.edu
2012-05-26 21:47:55,858 INFO Logged: [off, 61.9899277687, time, 1338079675.73]
2012-05-26 22:05:00,294 INFO Got Response from server utcnist2.colorado.edu
2012-05-26 22:05:00,294 INFO Logged: [off, 62.4945836067, time, 1338080700.16]
2012-05-26 22:22:04,683 INFO Got Response from server utcnist2.colorado.edu
2012-05-26 22:22:04,683 INFO Logged: [off, 62.9972429276, time, 1338081724.55]
2012-05-26 22:39:09,121 INFO Got Response from server utcnist2.colorado.edu
2012-05-26 22:39:09,121 INFO Logged: [off, 63.5006525517, time, 1338082748.99]
2012-05-26 22:56:13,689 INFO Got Response from server utcnist2.colorado.edu
2012-05-26 22:56:13,689 INFO Logged: [off, 64.0040214062, time, 1338083773.56]
2012-05-26 23:13:18,024 INFO Got Response from server utcnist2.colorado.edu
2012-05-26 23:13:18,024 INFO Logged: [off, 64.506452322, time, 1338084797.89]
2012-05-26 23:30:23,546 INFO Got Response from server utcnist2.colorado.edu
2012-05-26 23:30:23,547 INFO Logged: [off, 65.011496067, time, 1338085823.41]
2012-05-26 23:47:27,899 INFO Got Response from server utcnist2.colorado.edu
2012-05-26 23:47:27,899 INFO Logged: [off, 65.5136399269, time, 1338086847.77]
2012-05-27 00:04:32,444 INFO Got Response from server utcnist2.colorado.edu
2012-05-27 00:04:32,445 INFO Logged: [off, 66.0165998936, time, 1338087872.31]
2012-05-27 00:21:36,833 INFO Got Response from server utcnist2.colorado.edu
2012-05-27 00:21:36,833 INFO Logged: [off, 66.521389246, time, 1338088896.7]
2012-05-27 00:38:41,594 INFO Got Response from server utcnist2.colorado.edu
2012-05-27 00:38:41,594 INFO Logged: [off, 67.0235829353, time, 1338089921.46]
2012-05-27 00:55:45,878 INFO Got Response from server utcnist2.colorado.edu
2012-05-27 00:55:45,878 INFO Logged: [off, 67.527687788, time, 1338090945.74]
2012-05-27 01:12:50,236 INFO Got Response from server utcnist2.colorado.edu
2012-05-27 01:12:50,236 INFO Logged: [off, 68.030377388, time, 1338091970.1]
2012-05-27 01:29:54,679 INFO Got Response from server utcnist2.colorado.edu
2012-05-27 01:29:54,679 INFO Logged: [off, 68.5336620808, time, 1338092994.55]
2012-05-27 01:46:59,049 INFO Got Response from server utcnist2.colorado.edu
2012-05-27 01:46:59,050 INFO Logged: [off, 69.0366659164, time, 1338094018.92]
2012-05-27 02:04:03,375 INFO Got Response from server utcnist2.colorado.edu
2012-05-27 02:04:03,375 INFO Logged: [off, 69.5396747589, time, 1338095043.24]
2012-05-27 02:21:07,774 INFO Got Response from server utcnist2.colorado.edu
2012-05-27 02:21:07,774 INFO Logged: [off, 70.0430440903, time, 1338096067.64]
2012-05-27 02:38:12,110 INFO Got Response from server utcnist2.colorado.edu
2012-05-27 02:38:12,110 INFO Logged: [off, 70.5465426445, time, 1338097091.98]
2012-05-27 02:55:16,395 INFO Got Response from server utcnist2.colorado.edu
2012-05-27 02:55:16,395 INFO Logged: [off, 71.050457716, time, 1338098116.26]
2012-05-27 03:12:20,706 INFO Got Response from server utcnist2.colorado.edu
2012-05-27 03:12:20,706 INFO Logged: [off, 71.5530707836, time, 1338099140.57]
2012-05-27 03:29:25,110 INFO Got Response from server utcnist2.colorado.edu
2012-05-27 03:29:25,111 INFO Logged: [off, 72.0565049648, time, 1338100164.98]
2012-05-27 03:46:34,266 ERROR Error when trying to connect to Server utcnist2.colorado.edu
2012-05-27 04:03:38,624 INFO Got Response from server utcnist2.colorado.edu
2012-05-27 04:03:38,624 INFO Logged: [off, 73.0650475025, time, 1338102218.49]
2012-05-27 04:20:43,062 INFO Got Response from server utcnist2.colorado.edu
2012-05-27 04:20:43,062 INFO Logged: [off, 73.5685732365, time, 1338103242.93]
2012-05-27 04:37:47,462 INFO Got Response from server utcnist2.colorado.edu
2012-05-27 04:37:47,462 INFO Logged: [off, 74.071367979, time, 1338104267.33]
2012-05-27 04:54:51,833 INFO Got Response from server utcnist2.colorado.edu
2012-05-27 04:54:51,834 INFO Logged: [off, 74.5748143196, time, 1338105291.7]
2012-05-27 05:11:56,118 INFO Got Response from server utcnist2.colorado.edu
2012-05-27 05:11:56,118 INFO Logged: [off, 75.0775103569, time, 1338106315.98]
2012-05-27 05:29:00,472 INFO Got Response from server utcnist2.colorado.edu
2012-05-27 05:29:00,472 INFO Logged: [off, 75.5809874535, time, 1338107340.34]
2012-05-27 05:46:04,842 INFO Got Response from server utcnist2.colorado.edu
2012-05-27 05:46:04,842 INFO Logged: [off, 76.0842895508, time, 1338108364.71]
2012-05-27 06:03:09,125 INFO Got Response from server utcnist2.colorado.edu
2012-05-27 06:03:09,125 INFO Logged: [off, 76.5880098343, time, 1338109388.99]
2012-05-27 06:20:13,551 INFO Got Response from server utcnist2.colorado.edu
2012-05-27 06:20:13,552 INFO Logged: [off, 77.0912511349, time, 1338110413.42]
2012-05-27 06:37:17,919 INFO Got Response from server utcnist2.colorado.edu
2012-05-27 06:37:17,919 INFO Logged: [off, 77.5940048695, time, 1338111437.79]
2012-05-27 06:54:22,251 INFO Got Response from server utcnist2.colorado.edu
2012-05-27 06:54:22,252 INFO Logged: [off, 78.0975050926, time, 1338112462.12]
2012-05-27 07:11:29,129 INFO Got Response from server utcnist2.colorado.edu
2012-05-27 07:11:29,129 INFO Logged: [off, 78.60176301, time, 1338113489.0]
2012-05-27 07:28:33,529 INFO Got Response from server utcnist2.colorado.edu
2012-05-27 07:28:33,530 INFO Logged: [off, 79.104254961, time, 1338114513.4]
2012-05-27 07:45:37,921 INFO Got Response from server utcnist2.colorado.edu
2012-05-27 07:45:37,921 INFO Logged: [off, 79.608294487, time, 1338115537.79]
2012-05-27 08:02:42,281 INFO Got Response from server utcnist2.colorado.edu
2012-05-27 08:02:42,281 INFO Logged: [off, 80.1103689671, time, 1338116562.15]
2012-05-27 08:19:46,709 INFO Got Response from server utcnist2.colorado.edu
2012-05-27 08:19:46,709 INFO Logged: [off, 80.615237236, time, 1338117586.58]
2012-05-27 08:36:51,085 INFO Got Response from server utcnist2.colorado.edu
2012-05-27 08:36:51,085 INFO Logged: [off, 81.1175329685, time, 1338118610.95]
2012-05-27 08:53:55,436 INFO Got Response from server utcnist2.colorado.edu
2012-05-27 08:53:55,436 INFO Logged: [off, 81.6212260723, time, 1338119635.3]
2012-05-27 09:10:59,814 INFO Got Response from server utcnist2.colorado.edu
2012-05-27 09:10:59,814 INFO Logged: [off, 82.1243672371, time, 1338120659.68]
2012-05-27 09:28:04,367 INFO Got Response from server utcnist2.colorado.edu
2012-05-27 09:28:04,367 INFO Logged: [off, 82.6270794868, time, 1338121684.24]
2012-05-27 09:45:08,742 INFO Got Response from server utcnist2.colorado.edu
2012-05-27 09:45:08,742 INFO Logged: [off, 83.1307852268, time, 1338122708.61]
2012-05-27 10:02:13,119 INFO Got Response from server utcnist2.colorado.edu
2012-05-27 10:02:13,119 INFO Logged: [off, 83.6343421936, time, 1338123732.99]
2012-05-27 10:19:19,158 INFO Got Response from server utcnist2.colorado.edu
2012-05-27 10:19:19,158 INFO Logged: [off, 84.1384084225, time, 1338124759.02]
2012-05-27 10:36:23,529 INFO Got Response from server utcnist2.colorado.edu
2012-05-27 10:36:23,529 INFO Logged: [off, 84.6409816742, time, 1338125783.4]
2012-05-27 10:53:27,885 INFO Got Response from server utcnist2.colorado.edu
2012-05-27 10:53:27,885 INFO Logged: [off, 85.1437568665, time, 1338126807.75]
2012-05-27 11:10:32,241 INFO Got Response from server utcnist2.colorado.edu
2012-05-27 11:10:32,241 INFO Logged: [off, 85.6471092701, time, 1338127832.11]
2012-05-27 11:27:36,680 INFO Got Response from server utcnist2.colorado.edu
2012-05-27 11:27:36,680 INFO Logged: [off, 86.1505925655, time, 1338128856.55]
2012-05-27 11:44:41,051 INFO Got Response from server utcnist2.colorado.edu
2012-05-27 11:44:41,052 INFO Logged: [off, 86.6533062458, time, 1338129880.92]
2012-05-27 12:01:46,537 INFO Got Response from server utcnist2.colorado.edu
2012-05-27 12:01:46,537 INFO Logged: [off, 87.1585345268, time, 1338130906.4]
2012-05-27 12:18:50,908 INFO Got Response from server utcnist2.colorado.edu
2012-05-27 12:18:50,908 INFO Logged: [off, 87.6600148678, time, 1338131930.78]
2012-05-27 12:35:55,357 INFO Got Response from server utcnist2.colorado.edu
2012-05-27 12:35:55,357 INFO Logged: [off, 88.163176775, time, 1338132955.22]
2012-05-27 12:52:59,729 INFO Got Response from server utcnist2.colorado.edu
2012-05-27 12:52:59,729 INFO Logged: [off, 88.6669745445, time, 1338133979.6]
2012-05-27 13:10:04,094 INFO Got Response from server utcnist2.colorado.edu
2012-05-27 13:10:04,094 INFO Logged: [off, 89.1700823307, time, 1338135003.96]
2012-05-27 13:27:08,801 INFO Got Response from server utcnist2.colorado.edu
2012-05-27 13:27:08,801 INFO Logged: [off, 89.6736800671, time, 1338136028.67]
2012-05-27 13:44:13,167 INFO Got Response from server utcnist2.colorado.edu
2012-05-27 13:44:13,168 INFO Logged: [off, 90.1782646179, time, 1338137053.03]
2012-05-27 14:01:17,539 INFO Got Response from server utcnist2.colorado.edu
2012-05-27 14:01:17,539 INFO Logged: [off, 90.679558754, time, 1338138077.41]
2012-05-27 14:18:21,967 INFO Got Response from server utcnist2.colorado.edu
2012-05-27 14:18:21,967 INFO Logged: [off, 91.1830377579, time, 1338139101.83]
2012-05-27 14:35:26,412 INFO Got Response from server utcnist2.colorado.edu
2012-05-27 14:35:26,412 INFO Logged: [off, 91.6859855652, time, 1338140126.28]
2012-05-27 14:52:30,763 INFO Got Response from server utcnist2.colorado.edu
2012-05-27 14:52:30,764 INFO Logged: [off, 92.1888284683, time, 1338141150.63]
2012-05-27 15:09:35,136 INFO Got Response from server utcnist2.colorado.edu
2012-05-27 15:09:35,136 INFO Logged: [off, 92.6922235489, time, 1338142175.0]
2012-05-27 15:26:39,512 INFO Got Response from server utcnist2.colorado.edu
2012-05-27 15:26:39,512 INFO Logged: [off, 93.1956419945, time, 1338143199.38]
2012-05-27 15:43:46,110 INFO Got Response from server utcnist2.colorado.edu
2012-05-27 15:43:46,110 INFO Logged: [off, 93.7017109394, time, 1338144225.97]
2012-05-27 16:00:50,489 INFO Got Response from server utcnist2.colorado.edu
2012-05-27 16:00:50,489 INFO Logged: [off, 94.2030537128, time, 1338145250.36]
2012-05-27 16:17:59,811 ERROR Error when trying to connect to Server utcnist2.colorado.edu
2012-05-27 16:35:04,256 INFO Got Response from server utcnist2.colorado.edu
2012-05-27 16:35:04,256 INFO Logged: [off, 95.2125132084, time, 1338147304.12]
2012-05-27 16:52:08,630 INFO Got Response from server utcnist2.colorado.edu
2012-05-27 16:52:08,630 INFO Logged: [off, 95.7156329155, time, 1338148328.5]
2012-05-27 17:09:13,050 INFO Got Response from server utcnist2.colorado.edu
2012-05-27 17:09:13,050 INFO Logged: [off, 96.2196626663, time, 1338149352.92]
2012-05-27 17:26:17,427 INFO Got Response from server utcnist2.colorado.edu
2012-05-27 17:26:17,427 INFO Logged: [off, 96.7215504646, time, 1338150377.3]
2012-05-27 17:43:21,870 INFO Got Response from server utcnist2.colorado.edu
2012-05-27 17:43:21,870 INFO Logged: [off, 97.2253684998, time, 1338151401.74]
2012-05-27 18:00:26,253 INFO Got Response from server utcnist2.colorado.edu
2012-05-27 18:00:26,254 INFO Logged: [off, 97.7282514572, time, 1338152426.12]
2012-05-27 18:17:30,790 INFO Got Response from server utcnist2.colorado.edu
2012-05-27 18:17:30,790 INFO Logged: [off, 98.2312040329, time, 1338153450.66]
2012-05-27 18:34:35,169 INFO Got Response from server utcnist2.colorado.edu
2012-05-27 18:34:35,169 INFO Logged: [off, 98.7383441925, time, 1338154475.03]
2012-05-27 18:51:39,611 INFO Got Response from server utcnist2.colorado.edu
2012-05-27 18:51:39,611 INFO Logged: [off, 99.237746954, time, 1338155499.48]
2012-05-27 19:08:43,986 INFO Got Response from server utcnist2.colorado.edu
2012-05-27 19:08:43,986 INFO Logged: [off, 99.7409892082, time, 1338156523.85]
2012-05-27 19:25:48,361 INFO Got Response from server utcnist2.colorado.edu
2012-05-27 19:25:48,361 INFO Logged: [off, 100.243251324, time, 1338157548.23]
2012-05-27 19:42:52,731 INFO Got Response from server utcnist2.colorado.edu
2012-05-27 19:42:52,731 INFO Logged: [off, 100.748109102, time, 1338158572.6]
2012-05-27 19:59:57,138 INFO Got Response from server utcnist2.colorado.edu
2012-05-27 19:59:57,138 INFO Logged: [off, 101.24950695, time, 1338159597.01]
2012-05-27 20:17:01,508 INFO Got Response from server utcnist2.colorado.edu
2012-05-27 20:17:01,508 INFO Logged: [off, 101.75345397, time, 1338160621.38]
2012-05-27 20:34:05,876 INFO Got Response from server utcnist2.colorado.edu
2012-05-27 20:34:05,876 INFO Logged: [off, 102.257174969, time, 1338161645.74]
2012-05-27 20:51:10,321 INFO Got Response from server utcnist2.colorado.edu
2012-05-27 20:51:10,321 INFO Logged: [off, 102.758857489, time, 1338162670.19]
2012-05-27 21:08:14,695 INFO Got Response from server utcnist2.colorado.edu
2012-05-27 21:08:14,695 INFO Logged: [off, 103.262183905, time, 1338163694.56]
2012-05-27 21:25:19,056 INFO Got Response from server utcnist2.colorado.edu
2012-05-27 21:25:19,056 INFO Logged: [off, 103.765416861, time, 1338164718.92]
2012-05-27 21:42:23,498 INFO Got Response from server utcnist2.colorado.edu
2012-05-27 21:42:23,498 INFO Logged: [off, 104.269060612, time, 1338165743.37]
2012-05-27 21:59:27,901 INFO Got Response from server utcnist2.colorado.edu
2012-05-27 21:59:27,901 INFO Logged: [off, 104.772108555, time, 1338166767.77]
2012-05-27 22:16:32,265 INFO Got Response from server utcnist2.colorado.edu
2012-05-27 22:16:32,265 INFO Logged: [off, 105.275160313, time, 1338167792.13]
2012-05-27 22:33:36,636 INFO Got Response from server utcnist2.colorado.edu
2012-05-27 22:33:36,636 INFO Logged: [off, 105.778757095, time, 1338168816.5]
2012-05-27 22:50:41,088 INFO Got Response from server utcnist2.colorado.edu
2012-05-27 22:50:41,088 INFO Logged: [off, 106.281944275, time, 1338169840.95]
2012-05-27 23:07:50,400 ERROR Error when trying to connect to Server utcnist2.colorado.edu
2012-05-27 23:24:54,777 INFO Got Response from server utcnist2.colorado.edu
2012-05-27 23:24:54,777 INFO Logged: [off, 107.290788174, time, 1338171894.64]
2012-05-27 23:41:59,220 INFO Got Response from server utcnist2.colorado.edu
2012-05-27 23:41:59,220 INFO Logged: [off, 107.793655157, time, 1338172919.09]
2012-05-27 23:59:03,650 INFO Got Response from server utcnist2.colorado.edu
2012-05-27 23:59:03,650 INFO Logged: [off, 108.297516108, time, 1338173943.52]
2012-05-28 00:16:08,016 INFO Got Response from server utcnist2.colorado.edu
2012-05-28 00:16:08,016 INFO Logged: [off, 108.799202204, time, 1338174967.89]
2012-05-28 00:33:12,378 INFO Got Response from server utcnist2.colorado.edu
2012-05-28 00:33:12,378 INFO Logged: [off, 109.303005695, time, 1338175992.25]
2012-05-28 00:50:16,803 INFO Got Response from server utcnist2.colorado.edu
2012-05-28 00:50:16,803 INFO Logged: [off, 109.805970907, time, 1338177016.67]
2012-05-28 01:07:21,171 INFO Got Response from server utcnist2.colorado.edu
2012-05-28 01:07:21,171 INFO Logged: [off, 110.308844805, time, 1338178041.04]
2012-05-28 01:24:25,513 INFO Got Response from server utcnist2.colorado.edu
2012-05-28 01:24:25,513 INFO Logged: [off, 110.812091827, time, 1338179065.38]
2012-05-28 01:41:29,871 INFO Got Response from server utcnist2.colorado.edu
2012-05-28 01:41:29,871 INFO Logged: [off, 111.314576864, time, 1338180089.74]
2012-05-28 01:58:34,317 INFO Got Response from server utcnist2.colorado.edu
2012-05-28 01:58:34,318 INFO Logged: [off, 111.818206072, time, 1338181114.19]
2012-05-28 02:15:38,751 INFO Got Response from server utcnist2.colorado.edu
2012-05-28 02:15:38,751 INFO Logged: [off, 112.321638346, time, 1338182138.62]
2012-05-28 02:32:43,118 INFO Got Response from server utcnist2.colorado.edu
2012-05-28 02:32:43,118 INFO Logged: [off, 112.82446909, time, 1338183162.99]
2012-05-28 02:49:47,536 INFO Got Response from server utcnist2.colorado.edu
2012-05-28 02:49:47,536 INFO Logged: [off, 113.327640772, time, 1338184187.4]
2012-05-28 03:06:51,899 INFO Got Response from server utcnist2.colorado.edu
2012-05-28 03:06:51,900 INFO Logged: [off, 113.830522299, time, 1338185211.77]
2012-05-28 03:23:56,271 INFO Got Response from server utcnist2.colorado.edu
2012-05-28 03:23:56,271 INFO Logged: [off, 114.336129904, time, 1338186236.14]
2012-05-28 03:41:00,701 INFO Got Response from server utcnist2.colorado.edu
2012-05-28 03:41:00,701 INFO Logged: [off, 114.836851358, time, 1338187260.57]
2012-05-28 03:58:05,070 INFO Got Response from server utcnist2.colorado.edu
2012-05-28 03:58:05,071 INFO Logged: [off, 115.341760397, time, 1338188284.94]
2012-05-28 04:15:09,406 INFO Got Response from server utcnist2.colorado.edu
2012-05-28 04:15:09,407 INFO Logged: [off, 115.842806101, time, 1338189309.28]
2012-05-28 04:32:13,771 INFO Got Response from server utcnist2.colorado.edu
2012-05-28 04:32:13,771 INFO Logged: [off, 116.346083403, time, 1338190333.64]
2012-05-28 04:49:22,707 INFO Got Response from server utcnist2.colorado.edu
2012-05-28 04:49:22,707 INFO Logged: [off, 116.852218866, time, 1338191362.58]
2012-05-28 05:06:27,069 INFO Got Response from server utcnist2.colorado.edu
2012-05-28 05:06:27,070 INFO Logged: [off, 117.354997396, time, 1338192386.94]
2012-05-28 05:23:31,420 INFO Got Response from server utcnist2.colorado.edu
2012-05-28 05:23:31,420 INFO Logged: [off, 117.858054876, time, 1338193411.29]
2012-05-28 05:40:35,850 INFO Got Response from server utcnist2.colorado.edu
2012-05-28 05:40:35,850 INFO Logged: [off, 118.361976862, time, 1338194435.72]
2012-05-28 05:57:40,216 INFO Got Response from server utcnist2.colorado.edu
2012-05-28 05:57:40,217 INFO Logged: [off, 118.864883661, time, 1338195460.08]
2012-05-28 06:14:44,582 INFO Got Response from server utcnist2.colorado.edu
2012-05-28 06:14:44,582 INFO Logged: [off, 119.368126869, time, 1338196484.45]
2012-05-28 06:31:48,945 INFO Got Response from server utcnist2.colorado.edu
2012-05-28 06:31:48,945 INFO Logged: [off, 119.870714903, time, 1338197508.81]
2012-05-28 06:48:54,656 INFO Got Response from server utcnist2.colorado.edu
2012-05-28 06:48:54,656 INFO Logged: [off, 120.376175642, time, 1338198534.52]
2012-05-28 07:05:59,012 INFO Got Response from server utcnist2.colorado.edu
2012-05-28 07:05:59,012 INFO Logged: [off, 120.879018068, time, 1338199558.88]
2012-05-28 07:23:03,378 INFO Got Response from server utcnist2.colorado.edu
2012-05-28 07:23:03,379 INFO Logged: [off, 121.381561279, time, 1338200583.25]
2012-05-28 07:40:07,756 INFO Got Response from server utcnist2.colorado.edu
2012-05-28 07:40:07,756 INFO Logged: [off, 121.886413574, time, 1338201607.61]
2012-05-28 07:57:12,177 INFO Got Response from server utcnist2.colorado.edu
2012-05-28 07:57:12,177 INFO Logged: [off, 122.388575554, time, 1338202632.04]
2012-05-28 08:14:16,556 INFO Got Response from server utcnist2.colorado.edu
2012-05-28 08:14:16,556 INFO Logged: [off, 122.891199112, time, 1338203656.42]
2012-05-28 08:31:20,914 INFO Got Response from server utcnist2.colorado.edu
2012-05-28 08:31:20,914 INFO Logged: [off, 123.394359112, time, 1338204680.78]
2012-05-28 08:48:25,343 INFO Got Response from server utcnist2.colorado.edu
2012-05-28 08:48:25,343 INFO Logged: [off, 123.898445606, time, 1338205705.21]
2012-05-28 09:05:29,682 INFO Got Response from server utcnist2.colorado.edu
2012-05-28 09:05:29,682 INFO Logged: [off, 124.401652098, time, 1338206729.55]
2012-05-28 09:22:34,045 INFO Got Response from server utcnist2.colorado.edu
2012-05-28 09:22:34,046 INFO Logged: [off, 124.904333115, time, 1338207753.91]
2012-05-28 09:39:38,472 INFO Got Response from server utcnist2.colorado.edu
2012-05-28 09:39:38,473 INFO Logged: [off, 125.40839529, time, 1338208778.34]
2012-05-28 09:56:42,837 INFO Got Response from server utcnist2.colorado.edu
2012-05-28 09:56:42,837 INFO Logged: [off, 125.911081076, time, 1338209802.71]
2012-05-28 10:13:47,196 INFO Got Response from server utcnist2.colorado.edu
2012-05-28 10:13:47,197 INFO Logged: [off, 126.414441586, time, 1338210827.07]
2012-05-28 10:30:51,561 INFO Got Response from server utcnist2.colorado.edu
2012-05-28 10:30:51,562 INFO Logged: [off, 126.919533968, time, 1338211851.43]
2012-05-28 10:47:55,996 INFO Got Response from server utcnist2.colorado.edu
2012-05-28 10:47:55,997 INFO Logged: [off, 127.421190977, time, 1338212875.86]
2012-05-28 11:05:00,362 INFO Got Response from server utcnist2.colorado.edu
2012-05-28 11:05:00,362 INFO Logged: [off, 127.923412085, time, 1338213900.23]
2012-05-28 11:22:04,721 INFO Got Response from server utcnist2.colorado.edu
2012-05-28 11:22:04,722 INFO Logged: [off, 128.428896427, time, 1338214924.59]
2012-05-28 11:39:09,136 INFO Got Response from server utcnist2.colorado.edu
2012-05-28 11:39:09,136 INFO Logged: [off, 128.930517197, time, 1338215949.0]
2012-05-28 11:56:13,499 INFO Got Response from server utcnist2.colorado.edu
2012-05-28 11:56:13,499 INFO Logged: [off, 129.432627201, time, 1338216973.37]
2012-05-28 12:13:17,862 INFO Got Response from server utcnist2.colorado.edu
2012-05-28 12:13:17,862 INFO Logged: [off, 129.936201096, time, 1338217997.73]
2012-05-28 12:30:22,292 INFO Got Response from server utcnist2.colorado.edu
2012-05-28 12:30:22,292 INFO Logged: [off, 130.439438581, time, 1338219022.16]
2012-05-28 12:47:26,657 INFO Got Response from server utcnist2.colorado.edu
2012-05-28 12:47:26,658 INFO Logged: [off, 130.942341566, time, 1338220046.53]
2012-05-28 13:04:31,022 INFO Got Response from server utcnist2.colorado.edu
2012-05-28 13:04:31,022 INFO Logged: [off, 131.447161198, time, 1338221070.89]
2012-05-28 13:21:35,375 INFO Got Response from server utcnist2.colorado.edu
2012-05-28 13:21:35,376 INFO Logged: [off, 131.948029041, time, 1338222095.24]
2012-05-28 13:38:39,947 INFO Got Response from server utcnist2.colorado.edu
2012-05-28 13:38:39,947 INFO Logged: [off, 132.447385788, time, 1338223119.81]
2012-05-28 13:55:44,317 INFO Got Response from server utcnist2.colorado.edu
2012-05-28 13:55:44,318 INFO Logged: [off, 132.956436872, time, 1338224144.18]
2012-05-28 14:12:48,674 INFO Got Response from server utcnist2.colorado.edu
2012-05-28 14:12:48,674 INFO Logged: [off, 133.457821608, time, 1338225168.54]
2012-05-28 14:29:53,109 INFO Got Response from server utcnist2.colorado.edu
2012-05-28 14:29:53,109 INFO Logged: [off, 133.960672379, time, 1338226192.98]
2012-05-28 14:46:57,473 INFO Got Response from server utcnist2.colorado.edu
2012-05-28 14:46:57,473 INFO Logged: [off, 134.464908123, time, 1338227217.34]
2012-05-28 15:04:01,835 INFO Got Response from server utcnist2.colorado.edu
2012-05-28 15:04:01,836 INFO Logged: [off, 134.967605829, time, 1338228241.7]
2012-05-28 15:21:06,263 INFO Got Response from server utcnist2.colorado.edu
2012-05-28 15:21:06,263 INFO Logged: [off, 135.470547438, time, 1338229266.13]
2012-05-28 15:38:10,631 INFO Got Response from server utcnist2.colorado.edu
2012-05-28 15:38:10,632 INFO Logged: [off, 135.973436117, time, 1338230290.5]
2012-05-28 15:55:15,217 INFO Got Response from server utcnist2.colorado.edu
2012-05-28 15:55:15,217 INFO Logged: [off, 136.47736001, time, 1338231315.09]
2012-05-28 16:12:19,582 INFO Got Response from server utcnist2.colorado.edu
2012-05-28 16:12:19,583 INFO Logged: [off, 136.98213625, time, 1338232339.45]
2012-05-28 16:29:24,017 INFO Got Response from server utcnist2.colorado.edu
2012-05-28 16:29:24,018 INFO Logged: [off, 137.484952688, time, 1338233363.88]
2012-05-28 16:46:28,365 INFO Got Response from server utcnist2.colorado.edu
2012-05-28 16:46:28,365 INFO Logged: [off, 137.985548735, time, 1338234388.23]
2012-05-28 17:03:32,740 INFO Got Response from server utcnist2.colorado.edu
2012-05-28 17:03:32,741 INFO Logged: [off, 138.489987373, time, 1338235412.61]
2012-05-28 17:20:37,171 INFO Got Response from server utcnist2.colorado.edu
2012-05-28 17:20:37,172 INFO Logged: [off, 138.991809607, time, 1338236437.04]
2012-05-28 17:37:41,563 INFO Got Response from server utcnist2.colorado.edu
2012-05-28 17:37:41,563 INFO Logged: [off, 139.496687174, time, 1338237461.43]
2012-05-28 17:54:45,930 INFO Got Response from server utcnist2.colorado.edu
2012-05-28 17:54:45,931 INFO Logged: [off, 139.997980595, time, 1338238485.8]
2012-05-28 18:11:55,237 ERROR Error when trying to connect to Server utcnist2.colorado.edu
2012-05-28 18:28:59,605 INFO Got Response from server utcnist2.colorado.edu
2012-05-28 18:28:59,606 INFO Logged: [off, 141.006711006, time, 1338240539.47]
2012-05-28 18:46:03,956 INFO Got Response from server utcnist2.colorado.edu
2012-05-28 18:46:03,956 INFO Logged: [off, 141.51134634, time, 1338241563.82]
2012-05-28 19:03:08,321 INFO Got Response from server utcnist2.colorado.edu
2012-05-28 19:03:08,322 INFO Logged: [off, 142.014477491, time, 1338242588.19]
2012-05-28 19:20:12,749 INFO Got Response from server utcnist2.colorado.edu
2012-05-28 19:20:12,749 INFO Logged: [off, 142.515876532, time, 1338243612.62]
2012-05-28 19:37:17,100 INFO Got Response from server utcnist2.colorado.edu
2012-05-28 19:37:17,100 INFO Logged: [off, 143.018851995, time, 1338244636.97]
2012-05-28 19:54:21,470 INFO Got Response from server utcnist2.colorado.edu
2012-05-28 19:54:21,470 INFO Logged: [off, 143.522136927, time, 1338245661.34]
2012-05-28 20:11:25,909 INFO Got Response from server utcnist2.colorado.edu
2012-05-28 20:11:25,909 INFO Logged: [off, 144.027449131, time, 1338246685.77]
2012-05-28 20:28:30,272 INFO Got Response from server utcnist2.colorado.edu
2012-05-28 20:28:30,273 INFO Logged: [off, 144.529023886, time, 1338247710.14]
2012-05-28 20:45:34,640 INFO Got Response from server utcnist2.colorado.edu
2012-05-28 20:45:34,640 INFO Logged: [off, 145.033281803, time, 1338248734.51]
2012-05-28 21:02:39,011 INFO Got Response from server utcnist2.colorado.edu
2012-05-28 21:02:39,011 INFO Logged: [off, 145.536274433, time, 1338249758.88]
2012-05-28 21:19:43,464 INFO Got Response from server utcnist2.colorado.edu
2012-05-28 21:19:43,465 INFO Logged: [off, 146.03696084, time, 1338250783.32]
2012-05-28 21:36:47,874 INFO Got Response from server utcnist2.colorado.edu
2012-05-28 21:36:47,874 INFO Logged: [off, 146.540199757, time, 1338251807.74]
2012-05-28 21:53:52,251 INFO Got Response from server utcnist2.colorado.edu
2012-05-28 21:53:52,251 INFO Logged: [off, 147.044318914, time, 1338252832.11]
2012-05-28 22:10:56,678 INFO Got Response from server utcnist2.colorado.edu
2012-05-28 22:10:56,678 INFO Logged: [off, 147.547592402, time, 1338253856.55]
2012-05-28 22:28:01,025 INFO Got Response from server utcnist2.colorado.edu
2012-05-28 22:28:01,025 INFO Logged: [off, 148.051664352, time, 1338254880.89]
2012-05-28 22:45:05,574 INFO Got Response from server utcnist2.colorado.edu
2012-05-28 22:45:05,574 INFO Logged: [off, 148.55406189, time, 1338255905.44]
2012-05-28 23:02:09,941 INFO Got Response from server utcnist2.colorado.edu
2012-05-28 23:02:09,941 INFO Logged: [off, 149.058692455, time, 1338256929.81]
2012-05-28 23:19:19,253 ERROR Error when trying to connect to Server utcnist2.colorado.edu
2012-05-28 23:36:23,608 INFO Got Response from server utcnist2.colorado.edu
2012-05-28 23:36:23,608 INFO Logged: [off, 150.066974878, time, 1338258983.47]
2012-05-28 23:53:27,955 INFO Got Response from server utcnist2.colorado.edu
2012-05-28 23:53:27,955 INFO Logged: [off, 150.569869995, time, 1338260007.82]
2012-05-29 00:10:32,384 INFO Got Response from server utcnist2.colorado.edu
2012-05-29 00:10:32,384 INFO Logged: [off, 151.071186543, time, 1338261032.25]
2012-05-29 00:27:36,715 INFO Got Response from server utcnist2.colorado.edu
2012-05-29 00:27:36,716 INFO Logged: [off, 151.576068163, time, 1338262056.58]
2012-05-29 00:44:41,077 INFO Got Response from server utcnist2.colorado.edu
2012-05-29 00:44:41,077 INFO Logged: [off, 152.07728219, time, 1338263080.95]
2012-05-29 01:01:45,441 INFO Got Response from server utcnist2.colorado.edu
2012-05-29 01:01:45,441 INFO Logged: [off, 152.580555916, time, 1338264105.31]
2012-05-29 01:18:50,211 INFO Got Response from server utcnist2.colorado.edu
2012-05-29 01:18:50,211 INFO Logged: [off, 153.084391594, time, 1338265130.08]
2012-05-29 01:35:59,448 ERROR Error when trying to connect to Server utcnist2.colorado.edu
2012-05-29 01:53:03,820 INFO Got Response from server utcnist2.colorado.edu
2012-05-29 01:53:03,820 INFO Logged: [off, 154.093118429, time, 1338267183.69]
2012-05-29 02:10:08,461 INFO Got Response from server utcnist2.colorado.edu
2012-05-29 02:10:08,461 INFO Logged: [off, 154.598073244, time, 1338268208.33]
2012-05-29 02:27:12,853 INFO Got Response from server utcnist2.colorado.edu
2012-05-29 02:27:12,853 INFO Logged: [off, 155.099992037, time, 1338269232.72]
2012-05-29 02:44:17,203 INFO Got Response from server utcnist2.colorado.edu
2012-05-29 02:44:17,203 INFO Logged: [off, 155.603114843, time, 1338270257.07]
2012-05-29 03:01:21,578 INFO Got Response from server utcnist2.colorado.edu
2012-05-29 03:01:21,578 INFO Logged: [off, 156.107088566, time, 1338271281.44]
2012-05-29 03:18:25,974 INFO Got Response from server utcnist2.colorado.edu
2012-05-29 03:18:25,975 INFO Logged: [off, 156.6092484, time, 1338272305.84]
2012-05-29 03:35:30,331 INFO Got Response from server utcnist2.colorado.edu
2012-05-29 03:35:30,331 INFO Logged: [off, 157.114519119, time, 1338273330.2]
2012-05-29 03:52:34,700 INFO Got Response from server utcnist2.colorado.edu
2012-05-29 03:52:34,700 INFO Logged: [off, 157.617472887, time, 1338274354.56]
2012-05-29 04:09:39,063 INFO Got Response from server utcnist2.colorado.edu
2012-05-29 04:09:39,063 INFO Logged: [off, 158.119160891, time, 1338275378.93]
2012-05-29 04:26:43,472 INFO Got Response from server utcnist2.colorado.edu
2012-05-29 04:26:43,472 INFO Logged: [off, 158.622101068, time, 1338276403.34]
2012-05-29 04:43:47,839 INFO Got Response from server utcnist2.colorado.edu
2012-05-29 04:43:47,839 INFO Logged: [off, 159.125194788, time, 1338277427.71]
2012-05-29 05:00:52,203 INFO Got Response from server utcnist2.colorado.edu
2012-05-29 05:00:52,203 INFO Logged: [off, 159.628475666, time, 1338278452.07]
2012-05-29 05:17:56,811 INFO Got Response from server utcnist2.colorado.edu
2012-05-29 05:17:56,811 INFO Logged: [off, 160.133007765, time, 1338279476.68]
2012-05-29 05:35:01,167 INFO Got Response from server utcnist2.colorado.edu
2012-05-29 05:35:01,167 INFO Logged: [off, 160.63543272, time, 1338280501.03]
2012-05-29 05:52:05,495 INFO Got Response from server utcnist2.colorado.edu
2012-05-29 05:52:05,495 INFO Logged: [off, 161.138405085, time, 1338281525.36]
2012-05-29 06:09:09,849 INFO Got Response from server utcnist2.colorado.edu
2012-05-29 06:09:09,849 INFO Logged: [off, 161.641688824, time, 1338282549.72]
2012-05-29 06:26:14,256 INFO Got Response from server utcnist2.colorado.edu
2012-05-29 06:26:14,256 INFO Logged: [off, 162.144647121, time, 1338283574.12]
2012-05-29 06:43:18,618 INFO Got Response from server utcnist2.colorado.edu
2012-05-29 06:43:18,619 INFO Logged: [off, 162.648357868, time, 1338284598.49]
2012-05-29 07:00:22,930 INFO Got Response from server utcnist2.colorado.edu
2012-05-29 07:00:22,930 INFO Logged: [off, 163.153452635, time, 1338285622.79]
2012-05-29 07:17:27,361 INFO Got Response from server utcnist2.colorado.edu
2012-05-29 07:17:27,361 INFO Logged: [off, 163.655223608, time, 1338286647.23]
2012-05-29 07:34:31,695 INFO Got Response from server utcnist2.colorado.edu
2012-05-29 07:34:31,695 INFO Logged: [off, 164.158003092, time, 1338287671.56]
2012-05-29 07:51:36,057 INFO Got Response from server utcnist2.colorado.edu
2012-05-29 07:51:36,057 INFO Logged: [off, 164.661192656, time, 1338288695.93]
2012-05-29 08:08:40,427 INFO Got Response from server utcnist2.colorado.edu
2012-05-29 08:08:40,427 INFO Logged: [off, 165.165552139, time, 1338289720.29]
2012-05-29 08:25:44,862 INFO Got Response from server utcnist2.colorado.edu
2012-05-29 08:25:44,862 INFO Logged: [off, 165.669508934, time, 1338290744.73]
2012-05-29 08:42:49,222 INFO Got Response from server utcnist2.colorado.edu
2012-05-29 08:42:49,223 INFO Logged: [off, 166.170677662, time, 1338291769.09]
2012-05-29 08:59:53,591 INFO Got Response from server utcnist2.colorado.edu
2012-05-29 08:59:53,591 INFO Logged: [off, 166.676357031, time, 1338292793.46]
2012-05-29 09:16:58,080 INFO Got Response from server utcnist2.colorado.edu
2012-05-29 09:16:58,081 INFO Logged: [off, 167.177706003, time, 1338293817.95]
2012-05-29 09:34:02,448 INFO Got Response from server utcnist2.colorado.edu
2012-05-29 09:34:02,449 INFO Logged: [off, 167.680958271, time, 1338294842.32]
2012-05-29 09:51:06,803 INFO Got Response from server utcnist2.colorado.edu
2012-05-29 09:51:06,803 INFO Logged: [off, 168.184362173, time, 1338295866.67]
2012-05-29 10:08:11,230 INFO Got Response from server utcnist2.colorado.edu
2012-05-29 10:08:11,230 INFO Logged: [off, 168.688197851, time, 1338296891.1]
2012-05-29 10:25:17,605 INFO Got Response from server utcnist2.colorado.edu
2012-05-29 10:25:17,605 INFO Logged: [off, 169.19228816, time, 1338297917.47]
2012-05-29 10:42:21,838 INFO Got Response from server utcnist2.colorado.edu
2012-05-29 10:42:21,838 INFO Logged: [off, 169.6968503, time, 1338298941.7]
2012-05-29 10:59:26,075 INFO Got Response from server utcnist2.colorado.edu
2012-05-29 10:59:26,075 INFO Logged: [off, 170.199519873, time, 1338299965.94]
2012-05-29 11:16:30,411 INFO Got Response from server utcnist2.colorado.edu
2012-05-29 11:16:30,412 INFO Logged: [off, 170.70178318, time, 1338300990.28]
2012-05-29 11:33:34,756 INFO Got Response from server utcnist2.colorado.edu
2012-05-29 11:33:34,756 INFO Logged: [off, 171.204825401, time, 1338302014.62]
2012-05-29 11:50:39,115 INFO Got Response from server utcnist2.colorado.edu
2012-05-29 11:50:39,115 INFO Logged: [off, 171.708660364, time, 1338303038.98]
2012-05-29 12:07:43,544 INFO Got Response from server utcnist2.colorado.edu
2012-05-29 12:07:43,544 INFO Logged: [off, 172.212630033, time, 1338304063.41]
2012-05-29 12:24:47,912 INFO Got Response from server utcnist2.colorado.edu
2012-05-29 12:24:47,912 INFO Logged: [off, 172.714870453, time, 1338305087.78]
2012-05-29 12:41:52,268 INFO Got Response from server utcnist2.colorado.edu
2012-05-29 12:41:52,268 INFO Logged: [off, 173.218362808, time, 1338306112.13]
2012-05-29 12:58:56,693 INFO Got Response from server utcnist2.colorado.edu
2012-05-29 12:58:56,693 INFO Logged: [off, 173.721476316, time, 1338307136.56]
2012-05-29 13:16:01,104 INFO Got Response from server utcnist2.colorado.edu
2012-05-29 13:16:01,104 INFO Logged: [off, 174.225011349, time, 1338308160.97]
2012-05-29 13:33:05,464 INFO Got Response from server utcnist2.colorado.edu
2012-05-29 13:33:05,464 INFO Logged: [off, 174.727765083, time, 1338309185.33]
2012-05-29 13:50:09,825 INFO Got Response from server utcnist2.colorado.edu
2012-05-29 13:50:09,825 INFO Logged: [off, 175.230595112, time, 1338310209.69]
2012-05-29 14:07:14,250 INFO Got Response from server utcnist2.colorado.edu
2012-05-29 14:07:14,250 INFO Logged: [off, 175.734762192, time, 1338311234.12]
2012-05-29 14:24:18,611 INFO Got Response from server utcnist2.colorado.edu
2012-05-29 14:24:18,611 INFO Logged: [off, 176.237623215, time, 1338312258.48]
2012-05-29 14:42:02,779 ERROR Error when trying to connect to Server utcnist2.colorado.edu
2012-05-29 14:59:46,895 ERROR Error when trying to connect to Server utcnist2.colorado.edu
2012-05-29 15:17:31,000 ERROR Error when trying to connect to Server utcnist2.colorado.edu
2012-05-29 15:35:15,120 ERROR Error when trying to connect to Server utcnist2.colorado.edu
2012-05-29 15:52:59,245 ERROR Error when trying to connect to Server utcnist2.colorado.edu
2012-05-29 16:10:03,980 INFO Got Response from server utcnist2.colorado.edu
2012-05-29 16:10:03,980 INFO Logged: [off, 179.3542068, time, 1338318603.85]
2012-05-29 16:27:08,356 INFO Got Response from server utcnist2.colorado.edu
2012-05-29 16:27:08,357 INFO Logged: [off, 179.85717845, time, 1338319628.22]
2012-05-29 16:44:12,458 ERROR Error when trying to connect to Server utcnist2.colorado.edu
2012-05-29 17:01:16,559 ERROR Error when trying to connect to Server utcnist2.colorado.edu
2012-05-29 17:18:20,664 ERROR Error when trying to connect to Server utcnist2.colorado.edu
2012-05-29 17:35:24,767 ERROR Error when trying to connect to Server utcnist2.colorado.edu
2012-05-29 17:52:28,868 ERROR Error when trying to connect to Server utcnist2.colorado.edu
2012-05-29 18:09:32,969 ERROR Error when trying to connect to Server utcnist2.colorado.edu
2012-05-29 18:26:37,071 ERROR Error when trying to connect to Server utcnist2.colorado.edu
2012-05-29 18:43:41,171 ERROR Error when trying to connect to Server utcnist2.colorado.edu
2012-05-29 19:00:45,273 ERROR Error when trying to connect to Server utcnist2.colorado.edu
2012-05-29 19:17:49,378 ERROR Error when trying to connect to Server utcnist2.colorado.edu
2012-05-29 19:34:53,477 ERROR Error when trying to connect to Server utcnist2.colorado.edu
2012-05-29 19:51:57,579 ERROR Error when trying to connect to Server utcnist2.colorado.edu
2012-05-29 20:09:01,679 ERROR Error when trying to connect to Server utcnist2.colorado.edu
2012-05-29 20:26:05,775 ERROR Error when trying to connect to Server utcnist2.colorado.edu
2012-05-29 20:43:09,881 ERROR Error when trying to connect to Server utcnist2.colorado.edu
2012-05-29 21:00:13,982 ERROR Error when trying to connect to Server utcnist2.colorado.edu
2012-05-29 21:17:18,085 ERROR Error when trying to connect to Server utcnist2.colorado.edu
2012-05-29 21:34:22,181 ERROR Error when trying to connect to Server utcnist2.colorado.edu
2012-05-29 21:51:26,280 ERROR Error when trying to connect to Server utcnist2.colorado.edu
2012-05-29 22:08:30,386 ERROR Error when trying to connect to Server utcnist2.colorado.edu
2012-05-29 22:25:34,480 ERROR Error when trying to connect to Server utcnist2.colorado.edu
2012-05-29 22:42:38,586 ERROR Error when trying to connect to Server utcnist2.colorado.edu
2012-05-29 22:59:42,677 ERROR Error when trying to connect to Server utcnist2.colorado.edu
2012-05-29 23:16:47,152 INFO Got Response from server utcnist2.colorado.edu
2012-05-29 23:16:47,153 INFO Logged: [off, 191.929715872, time, 1338344207.02]
2012-05-29 23:33:53,630 INFO Got Response from server utcnist2.colorado.edu
2012-05-29 23:33:53,631 INFO Logged: [off, 192.433006763, time, 1338345233.5]
2012-05-29 23:50:58,005 INFO Got Response from server utcnist2.colorado.edu
2012-05-29 23:50:58,005 INFO Logged: [off, 192.936399937, time, 1338346257.87]
2012-05-30 00:08:02,613 INFO Got Response from server utcnist2.colorado.edu
2012-05-30 00:08:02,613 INFO Logged: [off, 193.440202236, time, 1338347282.48]
2012-05-30 00:25:07,111 INFO Got Response from server utcnist2.colorado.edu
2012-05-30 00:25:07,111 INFO Logged: [off, 193.943351984, time, 1338348306.98]
2012-05-30 00:42:11,477 INFO Got Response from server utcnist2.colorado.edu
2012-05-30 00:42:11,477 INFO Logged: [off, 194.445982218, time, 1338349331.34]
2012-05-30 00:59:15,844 INFO Got Response from server utcnist2.colorado.edu
2012-05-30 00:59:15,844 INFO Logged: [off, 194.949756384, time, 1338350355.71]
2012-05-30 01:16:20,517 INFO Got Response from server utcnist2.colorado.edu
2012-05-30 01:16:20,517 INFO Logged: [off, 195.452832699, time, 1338351380.38]
2012-05-30 01:33:24,982 INFO Got Response from server utcnist2.colorado.edu
2012-05-30 01:33:24,982 INFO Logged: [off, 195.956250668, time, 1338352404.85]
2012-05-30 01:50:29,356 INFO Got Response from server utcnist2.colorado.edu
2012-05-30 01:50:29,356 INFO Logged: [off, 196.459159613, time, 1338353429.22]
2012-05-30 02:07:33,707 INFO Got Response from server utcnist2.colorado.edu
2012-05-30 02:07:33,708 INFO Logged: [off, 196.962393045, time, 1338354453.57]
2012-05-30 02:24:38,347 INFO Got Response from server utcnist2.colorado.edu
2012-05-30 02:24:38,347 INFO Logged: [off, 197.466167688, time, 1338355478.21]
2012-05-30 02:41:42,723 INFO Got Response from server utcnist2.colorado.edu
2012-05-30 02:41:42,723 INFO Logged: [off, 197.968930006, time, 1338356502.59]
2012-05-30 02:58:47,096 INFO Got Response from server utcnist2.colorado.edu
2012-05-30 02:58:47,096 INFO Logged: [off, 198.472198963, time, 1338357526.96]
2012-05-30 03:15:51,525 INFO Got Response from server utcnist2.colorado.edu
2012-05-30 03:15:51,526 INFO Logged: [off, 198.975341797, time, 1338358551.39]
2012-05-30 03:32:56,109 INFO Got Response from server utcnist2.colorado.edu
2012-05-30 03:32:56,109 INFO Logged: [off, 199.478505611, time, 1338359575.98]
2012-05-30 03:50:00,478 INFO Got Response from server utcnist2.colorado.edu
2012-05-30 03:50:00,478 INFO Logged: [off, 199.98165226, time, 1338360600.35]
2012-05-30 04:07:04,848 INFO Got Response from server utcnist2.colorado.edu
2012-05-30 04:07:04,849 INFO Logged: [off, 200.484698772, time, 1338361624.72]
2012-05-30 04:24:09,373 INFO Got Response from server utcnist2.colorado.edu
2012-05-30 04:24:09,373 INFO Logged: [off, 200.98870039, time, 1338362649.24]
2012-05-30 04:41:13,942 INFO Got Response from server utcnist2.colorado.edu
2012-05-30 04:41:13,942 INFO Logged: [off, 201.491180897, time, 1338363673.81]
2012-05-30 04:58:18,317 INFO Got Response from server utcnist2.colorado.edu
2012-05-30 04:58:18,317 INFO Logged: [off, 201.994665384, time, 1338364698.18]
2012-05-30 05:15:22,774 INFO Got Response from server utcnist2.colorado.edu
2012-05-30 05:15:22,774 INFO Logged: [off, 202.498847008, time, 1338365722.64]
2012-05-30 05:32:27,142 INFO Got Response from server utcnist2.colorado.edu
2012-05-30 05:32:27,142 INFO Logged: [off, 203.002167225, time, 1338366747.01]
2012-05-30 05:49:31,776 INFO Got Response from server utcnist2.colorado.edu
2012-05-30 05:49:31,776 INFO Logged: [off, 203.505268574, time, 1338367771.64]
2012-05-30 06:06:36,312 INFO Got Response from server utcnist2.colorado.edu
2012-05-30 06:06:36,313 INFO Logged: [off, 203.960166693, time, 1338368796.08]
2012-05-30 06:23:40,701 INFO Got Response from server utcnist2.colorado.edu
2012-05-30 06:23:40,702 INFO Logged: [off, 204.51406002, time, 1338369820.56]
2012-05-30 06:40:45,071 INFO Got Response from server utcnist2.colorado.edu
2012-05-30 06:40:45,071 INFO Logged: [off, 205.014932871, time, 1338370844.94]
2012-05-30 06:57:49,711 INFO Got Response from server utcnist2.colorado.edu
2012-05-30 06:57:49,711 INFO Logged: [off, 205.519317627, time, 1338371869.58]
2012-05-30 07:14:54,160 INFO Got Response from server utcnist2.colorado.edu
2012-05-30 07:14:54,160 INFO Logged: [off, 206.022503853, time, 1338372894.03]
2012-05-30 07:31:58,711 INFO Got Response from server utcnist2.colorado.edu
2012-05-30 07:31:58,711 INFO Logged: [off, 206.545413971, time, 1338373918.53]
2012-05-30 07:49:03,083 INFO Got Response from server utcnist2.colorado.edu
2012-05-30 07:49:03,083 INFO Logged: [off, 207.029111862, time, 1338374942.95]
2012-05-30 08:06:07,774 INFO Got Response from server utcnist2.colorado.edu
2012-05-30 08:06:07,775 INFO Logged: [off, 207.53171587, time, 1338375967.63]
2012-05-30 08:23:12,181 INFO Got Response from server utcnist2.colorado.edu
2012-05-30 08:23:12,182 INFO Logged: [off, 208.034257412, time, 1338376992.05]
2012-05-30 08:40:16,527 INFO Got Response from server utcnist2.colorado.edu
2012-05-30 08:40:16,527 INFO Logged: [off, 208.538052797, time, 1338378016.39]
2012-05-30 08:57:20,901 INFO Got Response from server utcnist2.colorado.edu
2012-05-30 08:57:20,901 INFO Logged: [off, 209.041785717, time, 1338379040.77]
2012-05-30 09:14:25,550 INFO Got Response from server utcnist2.colorado.edu
2012-05-30 09:14:25,550 INFO Logged: [off, 209.544733286, time, 1338380065.42]
2012-05-30 09:31:29,913 INFO Got Response from server utcnist2.colorado.edu
2012-05-30 09:31:29,913 INFO Logged: [off, 210.047227859, time, 1338381089.78]
2012-05-30 09:48:34,287 INFO Got Response from server utcnist2.colorado.edu
2012-05-30 09:48:34,287 INFO Logged: [off, 210.551668882, time, 1338382114.15]
2012-05-30 10:05:38,725 INFO Got Response from server utcnist2.colorado.edu
2012-05-30 10:05:38,726 INFO Logged: [off, 211.054790974, time, 1338383138.59]
2012-05-30 10:22:43,315 INFO Got Response from server utcnist2.colorado.edu
2012-05-30 10:22:43,315 INFO Logged: [off, 211.557783842, time, 1338384163.18]
2012-05-30 10:39:47,721 INFO Got Response from server utcnist2.colorado.edu
2012-05-30 10:39:47,722 INFO Logged: [off, 212.067210197, time, 1338385187.58]
2012-05-30 10:56:52,077 INFO Got Response from server utcnist2.colorado.edu
2012-05-30 10:56:52,077 INFO Logged: [off, 212.563976526, time, 1338386211.94]
2012-05-30 11:13:56,580 INFO Got Response from server utcnist2.colorado.edu
2012-05-30 11:13:56,580 INFO Logged: [off, 213.067829132, time, 1338387236.45]
2012-05-30 11:31:01,249 INFO Got Response from server utcnist2.colorado.edu
2012-05-30 11:31:01,249 INFO Logged: [off, 213.570872545, time, 1338388261.12]
2012-05-30 11:48:05,642 INFO Got Response from server utcnist2.colorado.edu
2012-05-30 11:48:05,642 INFO Logged: [off, 214.067667723, time, 1338389285.5]
2012-05-30 12:05:10,182 INFO Got Response from server utcnist2.colorado.edu
2012-05-30 12:05:10,182 INFO Logged: [off, 214.576258659, time, 1338390310.05]
2012-05-30 12:22:14,568 INFO Got Response from server utcnist2.colorado.edu
2012-05-30 12:22:14,569 INFO Logged: [off, 215.073812723, time, 1338391334.42]
2012-05-30 12:39:19,185 INFO Got Response from server utcnist2.colorado.edu
2012-05-30 12:39:19,185 INFO Logged: [off, 215.583622694, time, 1338392359.05]
2012-05-30 12:56:23,648 INFO Got Response from server utcnist2.colorado.edu
2012-05-30 12:56:23,648 INFO Logged: [off, 216.079302311, time, 1338393383.5]
2012-05-30 13:13:28,026 INFO Got Response from server utcnist2.colorado.edu
2012-05-30 13:13:28,026 INFO Logged: [off, 216.58923316, time, 1338394407.89]
2012-05-30 13:30:32,410 INFO Got Response from server utcnist2.colorado.edu
2012-05-30 13:30:32,410 INFO Logged: [off, 217.087832212, time, 1338395432.27]
2012-05-30 13:47:36,968 INFO Got Response from server utcnist2.colorado.edu
2012-05-30 13:47:36,968 INFO Logged: [off, 217.595355034, time, 1338396456.84]
2012-05-30 14:04:41,450 INFO Got Response from server utcnist2.colorado.edu
2012-05-30 14:04:41,450 INFO Logged: [off, 218.090220213, time, 1338397481.3]
2012-05-30 14:21:45,842 INFO Got Response from server utcnist2.colorado.edu
2012-05-30 14:21:45,842 INFO Logged: [off, 218.594866991, time, 1338398505.69]
2012-05-30 14:38:50,218 INFO Got Response from server utcnist2.colorado.edu
2012-05-30 14:38:50,218 INFO Logged: [off, 219.104662657, time, 1338399530.09]
2012-05-30 14:55:55,764 INFO Got Response from server utcnist2.colorado.edu
2012-05-30 14:55:55,765 INFO Logged: [off, 219.597973824, time, 1338400555.61]
2012-05-30 15:13:00,219 INFO Got Response from server utcnist2.colorado.edu
2012-05-30 15:13:00,219 INFO Logged: [off, 220.127740383, time, 1338401580.06]
2012-05-30 15:30:04,654 INFO Got Response from server utcnist2.colorado.edu
2012-05-30 15:30:04,654 INFO Logged: [off, 220.602036715, time, 1338402604.5]
2012-05-30 15:47:09,145 INFO Got Response from server utcnist2.colorado.edu
2012-05-30 15:47:09,146 INFO Logged: [off, 221.1250422, time, 1338403629.0]
2012-05-30 16:04:13,914 INFO Got Response from server utcnist2.colorado.edu
2012-05-30 16:04:13,914 INFO Logged: [off, 221.621459246, time, 1338404653.78]
2012-05-30 16:21:18,304 INFO Got Response from server utcnist2.colorado.edu
2012-05-30 16:21:18,304 INFO Logged: [off, 222.114311218, time, 1338405678.15]
2012-05-30 16:38:22,749 INFO Got Response from server utcnist2.colorado.edu
2012-05-30 16:38:22,749 INFO Logged: [off, 222.627892733, time, 1338406702.62]
2012-05-30 16:55:27,141 INFO Got Response from server utcnist2.colorado.edu
2012-05-30 16:55:27,142 INFO Logged: [off, 223.121456146, time, 1338407726.99]
2012-05-30 17:12:31,764 INFO Got Response from server utcnist2.colorado.edu
2012-05-30 17:12:31,764 INFO Logged: [off, 223.626513004, time, 1338408751.62]
2012-05-30 17:29:36,130 INFO Got Response from server utcnist2.colorado.edu
2012-05-30 17:29:36,131 INFO Logged: [off, 224.136787653, time, 1338409776.0]
2012-05-30 17:46:40,569 INFO Got Response from server utcnist2.colorado.edu
2012-05-30 17:46:40,570 INFO Logged: [off, 224.630723, time, 1338410800.42]
2012-05-30 18:03:44,938 INFO Got Response from server utcnist2.colorado.edu
2012-05-30 18:03:44,938 INFO Logged: [off, 225.144243002, time, 1338411824.8]
2012-05-30 18:20:49,604 INFO Got Response from server utcnist2.colorado.edu
2012-05-30 18:20:49,604 INFO Logged: [off, 225.637485981, time, 1338412849.45]
2012-05-30 18:37:54,046 INFO Got Response from server utcnist2.colorado.edu
2012-05-30 18:37:54,046 INFO Logged: [off, 226.149669886, time, 1338413873.91]
2012-05-30 18:54:58,430 INFO Got Response from server utcnist2.colorado.edu
2012-05-30 18:54:58,430 INFO Logged: [off, 226.645894766, time, 1338414898.28]
2012-05-30 19:12:02,789 INFO Got Response from server utcnist2.colorado.edu
2012-05-30 19:12:02,789 INFO Logged: [off, 227.156666994, time, 1338415922.66]
2012-05-30 19:29:07,432 INFO Got Response from server utcnist2.colorado.edu
2012-05-30 19:29:07,432 INFO Logged: [off, 227.651318789, time, 1338416947.28]
2012-05-30 19:46:11,881 INFO Got Response from server utcnist2.colorado.edu
2012-05-30 19:46:11,881 INFO Logged: [off, 228.163378477, time, 1338417971.75]
2012-05-30 20:03:16,243 INFO Got Response from server utcnist2.colorado.edu
2012-05-30 20:03:16,244 INFO Logged: [off, 228.66614151, time, 1338418996.11]
2012-05-30 20:20:20,633 INFO Got Response from server utcnist2.colorado.edu
2012-05-30 20:20:20,633 INFO Logged: [off, 229.160936594, time, 1338420020.48]
2012-05-30 20:37:25,320 INFO Got Response from server utcnist2.colorado.edu
2012-05-30 20:37:25,320 INFO Logged: [off, 229.67329669, time, 1338421045.19]
2012-05-30 20:54:29,712 INFO Got Response from server utcnist2.colorado.edu
2012-05-30 20:54:29,712 INFO Logged: [off, 230.165962219, time, 1338422069.56]
2012-05-30 21:11:34,097 INFO Got Response from server utcnist2.colorado.edu
2012-05-30 21:11:34,097 INFO Logged: [off, 230.669905186, time, 1338423093.95]
2012-05-30 21:28:38,489 INFO Got Response from server utcnist2.colorado.edu
2012-05-30 21:28:38,489 INFO Logged: [off, 231.173174143, time, 1338424118.34]
2012-05-30 21:45:43,111 INFO Got Response from server utcnist2.colorado.edu
2012-05-30 21:45:43,112 INFO Logged: [off, 231.685570478, time, 1338425142.98]
2012-05-30 22:02:47,529 INFO Got Response from server utcnist2.colorado.edu
2012-05-30 22:02:47,529 INFO Logged: [off, 232.199509382, time, 1338426167.36]
2012-05-30 22:19:51,899 INFO Got Response from server utcnist2.colorado.edu
2012-05-30 22:19:51,899 INFO Logged: [off, 232.693269014, time, 1338427191.77]
2012-05-30 22:36:56,272 INFO Got Response from server utcnist2.colorado.edu
2012-05-30 22:36:56,272 INFO Logged: [off, 233.194681883, time, 1338428216.14]
2012-05-30 22:54:00,986 INFO Got Response from server utcnist2.colorado.edu
2012-05-30 22:54:00,986 INFO Logged: [off, 233.698251486, time, 1338429240.85]
2012-05-30 23:11:05,364 INFO Got Response from server utcnist2.colorado.edu
2012-05-30 23:11:05,364 INFO Logged: [off, 234.201151133, time, 1338430265.23]
2012-05-30 23:28:09,736 INFO Got Response from server utcnist2.colorado.edu
2012-05-30 23:28:09,736 INFO Logged: [off, 234.705486059, time, 1338431289.6]
2012-05-30 23:45:14,214 INFO Got Response from server utcnist2.colorado.edu
2012-05-30 23:45:14,215 INFO Logged: [off, 235.207181931, time, 1338432314.08]
2012-05-31 00:02:18,955 INFO Got Response from server utcnist2.colorado.edu
2012-05-31 00:02:18,955 INFO Logged: [off, 235.67288518, time, 1338433338.65]
2012-05-31 00:19:23,329 INFO Got Response from server utcnist2.colorado.edu
2012-05-31 00:19:23,329 INFO Logged: [off, 236.224512577, time, 1338434363.18]
2012-05-31 00:36:27,703 INFO Got Response from server utcnist2.colorado.edu
2012-05-31 00:36:27,703 INFO Logged: [off, 236.728004217, time, 1338435387.55]
2012-05-31 00:53:32,234 INFO Got Response from server utcnist2.colorado.edu
2012-05-31 00:53:32,235 INFO Logged: [off, 237.231174231, time, 1338436412.08]
2012-05-31 01:10:36,812 INFO Got Response from server utcnist2.colorado.edu
2012-05-31 01:10:36,813 INFO Logged: [off, 237.734895468, time, 1338437436.66]
2012-05-31 01:27:41,213 INFO Got Response from server utcnist2.colorado.edu
2012-05-31 01:27:41,213 INFO Logged: [off, 238.237765551, time, 1338438461.06]
2012-05-31 01:44:45,674 INFO Got Response from server utcnist2.colorado.edu
2012-05-31 01:44:45,674 INFO Logged: [off, 238.741522074, time, 1338439485.52]
2012-05-31 02:01:50,068 INFO Got Response from server utcnist2.colorado.edu
2012-05-31 02:01:50,068 INFO Logged: [off, 239.244024992, time, 1338440509.92]
2012-05-31 02:18:54,636 INFO Got Response from server utcnist2.colorado.edu
2012-05-31 02:18:54,646 INFO Logged: [off, 239.748351812, time, 1338441534.49]
2012-05-31 02:35:59,036 INFO Got Response from server utcnist2.colorado.edu
2012-05-31 02:35:59,036 INFO Logged: [off, 240.25109911, time, 1338442558.88]
2012-05-31 02:53:03,499 INFO Got Response from server utcnist2.colorado.edu
2012-05-31 02:53:03,499 INFO Logged: [off, 240.75476265, time, 1338443583.35]
2012-05-31 03:10:07,889 INFO Got Response from server utcnist2.colorado.edu
2012-05-31 03:10:07,889 INFO Logged: [off, 241.257585049, time, 1338444607.74]
2012-05-31 03:27:12,467 INFO Got Response from server utcnist2.colorado.edu
2012-05-31 03:27:12,467 INFO Logged: [off, 241.76149869, time, 1338445632.32]
2012-05-31 03:44:16,970 INFO Got Response from server utcnist2.colorado.edu
2012-05-31 03:44:16,970 INFO Logged: [off, 242.264681816, time, 1338446656.82]
2012-05-31 04:01:21,362 INFO Got Response from server utcnist2.colorado.edu
2012-05-31 04:01:21,362 INFO Logged: [off, 242.768313885, time, 1338447681.21]
2012-05-31 04:18:25,758 INFO Got Response from server utcnist2.colorado.edu
2012-05-31 04:18:25,758 INFO Logged: [off, 243.271998882, time, 1338448705.6]
2012-05-31 04:35:30,476 INFO Got Response from server utcnist2.colorado.edu
2012-05-31 04:35:30,476 INFO Logged: [off, 243.774849892, time, 1338449730.32]
2012-05-31 04:52:34,865 INFO Got Response from server utcnist2.colorado.edu
2012-05-31 04:52:34,866 INFO Logged: [off, 244.27761817, time, 1338450754.72]
2012-05-31 05:09:39,231 INFO Got Response from server utcnist2.colorado.edu
2012-05-31 05:09:39,231 INFO Logged: [off, 244.781830788, time, 1338451779.08]
2012-05-31 05:26:43,625 INFO Got Response from server utcnist2.colorado.edu
2012-05-31 05:26:43,625 INFO Logged: [off, 245.284836292, time, 1338452803.47]
2012-05-31 05:43:48,306 INFO Got Response from server utcnist2.colorado.edu
2012-05-31 05:43:48,306 INFO Logged: [off, 245.788233042, time, 1338453828.15]
2012-05-31 06:00:52,689 INFO Got Response from server utcnist2.colorado.edu
2012-05-31 06:00:52,689 INFO Logged: [off, 246.291675568, time, 1338454852.54]
2012-05-31 06:17:57,081 INFO Got Response from server utcnist2.colorado.edu
2012-05-31 06:17:57,082 INFO Logged: [off, 246.794163704, time, 1338455876.93]
2012-05-31 06:35:01,567 INFO Got Response from server utcnist2.colorado.edu
2012-05-31 06:35:01,567 INFO Logged: [off, 247.298625946, time, 1338456901.41]
2012-05-31 06:52:06,168 INFO Got Response from server utcnist2.colorado.edu
2012-05-31 06:52:06,168 INFO Logged: [off, 247.80157876, time, 1338457926.02]
2012-05-31 07:09:10,519 INFO Got Response from server utcnist2.colorado.edu
2012-05-31 07:09:10,519 INFO Logged: [off, 248.305314779, time, 1338458950.37]
2012-05-31 07:26:14,902 INFO Got Response from server utcnist2.colorado.edu
2012-05-31 07:26:14,902 INFO Logged: [off, 248.808552027, time, 1338459974.75]
2012-05-31 07:43:19,564 INFO Got Response from server utcnist2.colorado.edu
2012-05-31 07:43:19,564 INFO Logged: [off, 249.309295416, time, 1338460999.41]
2012-05-31 08:00:23,958 INFO Got Response from server utcnist2.colorado.edu
2012-05-31 08:00:23,959 INFO Logged: [off, 249.815618515, time, 1338462023.8]
2012-05-31 08:17:28,351 INFO Got Response from server utcnist2.colorado.edu
2012-05-31 08:17:28,351 INFO Logged: [off, 250.318237066, time, 1338463048.2]
2012-05-31 08:34:32,779 INFO Got Response from server utcnist2.colorado.edu
2012-05-31 08:34:32,779 INFO Logged: [off, 250.820656538, time, 1338464072.63]
2012-05-31 08:51:37,439 INFO Got Response from server utcnist2.colorado.edu
2012-05-31 08:51:37,439 INFO Logged: [off, 251.324929953, time, 1338465097.28]
2012-05-31 09:08:41,821 INFO Got Response from server utcnist2.colorado.edu
2012-05-31 09:08:41,821 INFO Logged: [off, 251.825971365, time, 1338466121.67]
2012-05-31 09:25:46,278 INFO Got Response from server utcnist2.colorado.edu
2012-05-31 09:25:46,278 INFO Logged: [off, 252.329652071, time, 1338467146.13]
2012-05-31 09:42:50,660 INFO Got Response from server utcnist2.colorado.edu
2012-05-31 09:42:50,661 INFO Logged: [off, 252.834827662, time, 1338468170.51]
2012-05-31 09:59:55,273 INFO Got Response from server utcnist2.colorado.edu
2012-05-31 09:59:55,273 INFO Logged: [off, 253.338386774, time, 1338469195.12]
2012-05-31 10:16:59,671 INFO Got Response from server utcnist2.colorado.edu
2012-05-31 10:16:59,671 INFO Logged: [off, 253.839835405, time, 1338470219.52]
2012-05-31 10:34:04,119 INFO Got Response from server utcnist2.colorado.edu
2012-05-31 10:34:04,119 INFO Logged: [off, 254.342269897, time, 1338471243.97]
2012-05-31 10:51:08,502 INFO Got Response from server utcnist2.colorado.edu
2012-05-31 10:51:08,503 INFO Logged: [off, 254.847615004, time, 1338472268.35]
2012-05-31 11:08:13,100 INFO Got Response from server utcnist2.colorado.edu
2012-05-31 11:08:13,100 INFO Logged: [off, 255.349785566, time, 1338473292.95]
2012-05-31 11:25:17,555 INFO Got Response from server utcnist2.colorado.edu
2012-05-31 11:25:17,555 INFO Logged: [off, 255.854299545, time, 1338474317.4]
2012-05-31 11:42:21,939 INFO Got Response from server utcnist2.colorado.edu
2012-05-31 11:42:21,939 INFO Logged: [off, 256.35760355, time, 1338475341.79]
2012-05-31 11:59:26,332 INFO Got Response from server utcnist2.colorado.edu
2012-05-31 11:59:26,332 INFO Logged: [off, 256.860561132, time, 1338476366.18]
2012-05-31 12:16:30,966 INFO Got Response from server utcnist2.colorado.edu
2012-05-31 12:16:30,966 INFO Logged: [off, 257.363938332, time, 1338477390.81]
2012-05-31 12:33:35,355 INFO Got Response from server utcnist2.colorado.edu
2012-05-31 12:33:35,355 INFO Logged: [off, 257.867486954, time, 1338478415.2]
2012-05-31 12:50:39,805 INFO Got Response from server utcnist2.colorado.edu
2012-05-31 12:50:39,805 INFO Logged: [off, 258.369958639, time, 1338479439.65]
2012-05-31 13:07:44,192 INFO Got Response from server utcnist2.colorado.edu
2012-05-31 13:07:44,192 INFO Logged: [off, 258.873394489, time, 1338480464.04]
2012-05-31 13:24:53,787 ERROR Error when trying to connect to Server utcnist2.colorado.edu
2012-05-31 13:41:58,177 INFO Got Response from server utcnist2.colorado.edu
2012-05-31 13:41:58,178 INFO Logged: [off, 259.88215518, time, 1338482518.02]
2012-05-31 13:59:02,561 INFO Got Response from server utcnist2.colorado.edu
2012-05-31 13:59:02,561 INFO Logged: [off, 260.385516882, time, 1338483542.41]
2012-05-31 14:16:07,096 INFO Got Response from server utcnist2.colorado.edu
2012-05-31 14:16:07,104 INFO Logged: [off, 260.892179012, time, 1338484566.92]
2012-05-31 14:33:11,789 INFO Got Response from server utcnist2.colorado.edu
2012-05-31 14:33:11,790 INFO Logged: [off, 261.390401125, time, 1338485591.64]
2012-05-31 14:50:16,264 INFO Got Response from server utcnist2.colorado.edu
2012-05-31 14:50:16,352 INFO Logged: [off, 261.900326252, time, 1338486616.1]
